C:\USERS\PETKU_000\DOCUMENTS\VISUAL STUDIO 2012\PROJECTS\PETKUST_L4A\DEBUG\PETKUST_L4A.ILK
C:\USERS\PETKU_000\DOCUMENTS\VISUAL STUDIO 2012\PROJECTS\PETKUST_L4A\DEBUG\PETKUST_L4A.EXE
C:\USERS\PETKU_000\DOCUMENTS\VISUAL STUDIO 2012\PROJECTS\PETKUST_L4A\DEBUG\PETKUST_L4A.PDB
C:\Users\petku_000\Documents\Darbas\KTU-lygiagretusis_programavimas\KTU-lygiagretusis_programavimas\PetkusT_L4b\PetkusT_L4a\Debug\kernel.cu.cache
C:\Users\petku_000\Documents\Darbas\KTU-lygiagretusis_programavimas\KTU-lygiagretusis_programavimas\PetkusT_L4b\PetkusT_L4a\Debug\kernel.cu.obj
C:\Users\petku_000\Documents\Darbas\KTU-lygiagretusis_programavimas\KTU-lygiagretusis_programavimas\PetkusT_L4b\PetkusT_L4a\Debug\link-cvtres.read.1.tlog
C:\Users\petku_000\Documents\Darbas\KTU-lygiagretusis_programavimas\KTU-lygiagretusis_programavimas\PetkusT_L4b\PetkusT_L4a\Debug\link-cvtres.write.1.tlog
C:\Users\petku_000\Documents\Darbas\KTU-lygiagretusis_programavimas\KTU-lygiagretusis_programavimas\PetkusT_L4b\PetkusT_L4a\Debug\link-rc.read.1.tlog
C:\Users\petku_000\Documents\Darbas\KTU-lygiagretusis_programavimas\KTU-lygiagretusis_programavimas\PetkusT_L4b\PetkusT_L4a\Debug\link-rc.write.1.tlog
C:\Users\petku_000\Documents\Darbas\KTU-lygiagretusis_programavimas\KTU-lygiagretusis_programavimas\PetkusT_L4b\PetkusT_L4a\Debug\link.2140-cvtres.read.1.tlog
C:\Users\petku_000\Documents\Darbas\KTU-lygiagretusis_programavimas\KTU-lygiagretusis_programavimas\PetkusT_L4b\PetkusT_L4a\Debug\link.2140-cvtres.write.1.tlog
C:\Users\petku_000\Documents\Darbas\KTU-lygiagretusis_programavimas\KTU-lygiagretusis_programavimas\PetkusT_L4b\PetkusT_L4a\Debug\link.2140-rc.read.1.tlog
C:\Users\petku_000\Documents\Darbas\KTU-lygiagretusis_programavimas\KTU-lygiagretusis_programavimas\PetkusT_L4b\PetkusT_L4a\Debug\link.2140-rc.write.1.tlog
C:\Users\petku_000\Documents\Darbas\KTU-lygiagretusis_programavimas\KTU-lygiagretusis_programavimas\PetkusT_L4b\PetkusT_L4a\Debug\link.2140.read.1.tlog
C:\Users\petku_000\Documents\Darbas\KTU-lygiagretusis_programavimas\KTU-lygiagretusis_programavimas\PetkusT_L4b\PetkusT_L4a\Debug\link.2140.write.1.tlog
C:\Users\petku_000\Documents\Darbas\KTU-lygiagretusis_programavimas\KTU-lygiagretusis_programavimas\PetkusT_L4b\PetkusT_L4a\Debug\link.4748-cvtres.read.1.tlog
C:\Users\petku_000\Documents\Darbas\KTU-lygiagretusis_programavimas\KTU-lygiagretusis_programavimas\PetkusT_L4b\PetkusT_L4a\Debug\link.4748-cvtres.write.1.tlog
C:\Users\petku_000\Documents\Darbas\KTU-lygiagretusis_programavimas\KTU-lygiagretusis_programavimas\PetkusT_L4b\PetkusT_L4a\Debug\link.4748-rc.read.1.tlog
C:\Users\petku_000\Documents\Darbas\KTU-lygiagretusis_programavimas\KTU-lygiagretusis_programavimas\PetkusT_L4b\PetkusT_L4a\Debug\link.4748-rc.write.1.tlog
C:\Users\petku_000\Documents\Darbas\KTU-lygiagretusis_programavimas\KTU-lygiagretusis_programavimas\PetkusT_L4b\PetkusT_L4a\Debug\link.4748.read.1.tlog
C:\Users\petku_000\Documents\Darbas\KTU-lygiagretusis_programavimas\KTU-lygiagretusis_programavimas\PetkusT_L4b\PetkusT_L4a\Debug\link.4748.write.1.tlog
C:\Users\petku_000\Documents\Darbas\KTU-lygiagretusis_programavimas\KTU-lygiagretusis_programavimas\PetkusT_L4b\PetkusT_L4a\Debug\link.7748-cvtres.read.1.tlog
C:\Users\petku_000\Documents\Darbas\KTU-lygiagretusis_programavimas\KTU-lygiagretusis_programavimas\PetkusT_L4b\PetkusT_L4a\Debug\link.7748-cvtres.write.1.tlog
C:\Users\petku_000\Documents\Darbas\KTU-lygiagretusis_programavimas\KTU-lygiagretusis_programavimas\PetkusT_L4b\PetkusT_L4a\Debug\link.7748-rc.read.1.tlog
C:\Users\petku_000\Documents\Darbas\KTU-lygiagretusis_programavimas\KTU-lygiagretusis_programavimas\PetkusT_L4b\PetkusT_L4a\Debug\link.7748-rc.write.1.tlog
C:\Users\petku_000\Documents\Darbas\KTU-lygiagretusis_programavimas\KTU-lygiagretusis_programavimas\PetkusT_L4b\PetkusT_L4a\Debug\link.7748.read.1.tlog
C:\Users\petku_000\Documents\Darbas\KTU-lygiagretusis_programavimas\KTU-lygiagretusis_programavimas\PetkusT_L4b\PetkusT_L4a\Debug\link.7748.write.1.tlog
C:\Users\petku_000\Documents\Darbas\KTU-lygiagretusis_programavimas\KTU-lygiagretusis_programavimas\PetkusT_L4b\PetkusT_L4a\Debug\link.command.1.tlog
C:\Users\petku_000\Documents\Darbas\KTU-lygiagretusis_programavimas\KTU-lygiagretusis_programavimas\PetkusT_L4b\PetkusT_L4a\Debug\link.read.1.tlog
C:\Users\petku_000\Documents\Darbas\KTU-lygiagretusis_programavimas\KTU-lygiagretusis_programavimas\PetkusT_L4b\PetkusT_L4a\Debug\link.write.1.tlog
